0 info it worked if it ends with ok
1 verbose cli [ '/usr/local/bin/node',
1 verbose cli   '/usr/local/bin/npm',
1 verbose cli   'version',
1 verbose cli   '1.0.0' ]
2 info using npm@3.3.12
3 info using node@v5.2.0
4 error version No valid package.json found
5 verbose stack SyntaxError: Unexpected token }
5 verbose stack     at Object.parse (native)
5 verbose stack     at module.exports (/usr/local/lib/node_modules/npm/lib/utils/parse-json.js:3:15)
5 verbose stack     at /usr/local/lib/node_modules/npm/lib/version.js:36:14
5 verbose stack     at /usr/local/lib/node_modules/npm/node_modules/graceful-fs/graceful-fs.js:76:16
5 verbose stack     at FSReqWrap.readFileAfterClose [as oncomplete] (fs.js:405:3)
6 verbose cwd /Users/michaljach/Sites/ember-cli-deploy-scp
7 error Darwin 15.3.0
8 error argv "/usr/local/bin/node" "/usr/local/bin/npm" "version" "1.0.0"
9 error node v5.2.0
10 error npm  v3.3.12
11 error Unexpected token }
12 error If you need help, you may report this error at:
12 error     <https://github.com/npm/npm/issues>
13 verbose exit [ 1, true ]
